<?xml version="1.0" encoding="UTF-8"?>
<testng-results ignored="0" total="8" passed="6" failed="2" skipped="0">
  <reporter-output>
    <line>
      <![CDATA[CLICK ON SIGNIN BUTTON, APPLICATION NAVIGATED TO SIGNIN SCREEN.]]>
    </line>
    <line>
      <![CDATA[VERFYING USERNAME LABEL, ACTUAL LABEL=>User Name ,EXPECTED LABEL=>User Name]]>
    </line>
    <line>
      <![CDATA[VERFYING PASSWORD LABEL, ACTUAL LABEL=>Password ,EXPECTED LABEL=>Password]]>
    </line>
    <line>
      <![CDATA[CAPTURED LOGIN PAGE SCREENSHOT]]>
    </line>
    <line>
      <![CDATA[CLICK ON SIGNIN BUTTON, APPLICATION NAVIGATED TO SIGNIN SCREEN.]]>
    </line>
    <line>
      <![CDATA[Value Entered In Email Textbox=>JohnMilly8386@mailinator.com]]>
    </line>
    <line>
      <![CDATA[Value Entered In PASSWORD Textbox=>Listeners1234]]>
    </line>
    <line>
      <![CDATA[Clicked On LOGIN Button.]]>
    </line>
    <line>
      <![CDATA[CLICK ON CREATE ACCOUNT BUTTON, APPLICATION NAVIGATED TO CREATE ACCOUNT SCREEN.]]>
    </line>
    <line>
      <![CDATA[Clicked On Close Button.]]>
    </line>
    <line>
      <![CDATA[CAPTURE ALERT SCREEN SCREENSHOT]]>
    </line>
    <line>
      <![CDATA[Clicked On 'Continue Account Creation' Button.]]>
    </line>
    <line>
      <![CDATA[First Name Field Is Displayed]]>
    </line>
    <line>
      <![CDATA[Application Navigated to 'Create Account' Screen]]>
    </line>
    <line>
      <![CDATA[CLICK ON CREATE ACCOUNT BUTTON, APPLICATION NAVIGATED TO CREATE ACCOUNT SCREEN.]]>
    </line>
    <line>
      <![CDATA[Clicked On Close Button.]]>
    </line>
    <line>
      <![CDATA[Verified Alert Text, Actual Text=>Are you sure you want to end the account creation process? ,Expected Text=>Are you sure you want to end the account creation process?]]>
    </line>
    <line>
      <![CDATA[Clicked On 'End Account Creation' Button.]]>
    </line>
    <line>
      <![CDATA[Verfying LET'S TALK ABOUT Text, ACTUAL TEXT=>Let's talk about...]]>
    </line>
    <line>
      <![CDATA[Application Navigated to Dashboard Screen]]>
    </line>
    <line>
      <![CDATA[CLICK ON CREATE ACCOUNT BUTTON, APPLICATION NAVIGATED TO CREATE ACCOUNT SCREEN.]]>
    </line>
    <line>
      <![CDATA[Value entered value in first name is=>John]]>
    </line>
    <line>
      <![CDATA[Value entered in Last name is=>Milly]]>
    </line>
    <line>
      <![CDATA[Value entered in Email is=>JohnMilly3289@mailinator.com]]>
    </line>
    <line>
      <![CDATA[Value entered in PhoneNumber is=>4842634691]]>
    </line>
    <line>
      <![CDATA[Selected GENDER Y=>male from GENDER Dropdown]]>
    </line>
    <line>
      <![CDATA[Clicked On Selected Date.]]>
    </line>
    <line>
      <![CDATA[Value entered in Date Of Birth Textbox=>2002-02-11]]>
    </line>
    <line>
      <![CDATA[Selected TimeZone As=>US/Eastern from TIMEZONE Dropdown]]>
    </line>
    <line>
      <![CDATA[Value entered in ZIPCODE is=>431638]]>
    </line>
    <line>
      <![CDATA[Value entered in PASSWORD Textbox is=>Listeners1234]]>
    </line>
    <line>
      <![CDATA[Value entered in CONFIRM PASSWORD Textbox is=>Listeners1234]]>
    </line>
    <line>
      <![CDATA[Clicked on NEXT button]]>
    </line>
    <line>
      <![CDATA[Clicked on TERMS ON CONDITIONS Radio Button]]>
    </line>
    <line>
      <![CDATA[Clicked on GET STARTED Button]]>
    </line>
    <line>
      <![CDATA[Verfying LET'S TALK ABOUT Text, ACTUAL TEXT=>Let's talk about...]]>
    </line>
    <line>
      <![CDATA[CAPTURED DASHBOARD SCREENSHOT]]>
    </line>
    <line>
      <![CDATA[CLICK ON SIGNIN BUTTON, APPLICATION NAVIGATED TO SIGNIN SCREEN.]]>
    </line>
    <line>
      <![CDATA[Value Entered In Email Textbox=>JohnMilly8386@mailinator.com]]>
    </line>
    <line>
      <![CDATA[Value Entered In PASSWORD Textbox=>Listeners1234]]>
    </line>
    <line>
      <![CDATA[Clicked On LOGIN Button.]]>
    </line>
    <line>
      <![CDATA[Text Entered In UserName Field Is=>adi@listenersoncall.com]]>
    </line>
    <line>
      <![CDATA[Text Entered In Password Field Is=>Adiloc]]>
    </line>
    <line>
      <![CDATA[Clicked On SUBMIT Button.]]>
    </line>
    <line>
      <![CDATA[DashBoard Screen]]>
    </line>
    <line>
      <![CDATA[Clicked On 'LOG OUT' Button.]]>
    </line>
    <line>
      <![CDATA[Verified 'USERNAME' Label, Actual Label=>Username]]>
    </line>
    <line>
      <![CDATA[Verified 'PASSWORD' Label, Actual Label=>Password]]>
    </line>
    <line>
      <![CDATA[Listeners Logo Is Displayed]]>
    </line>
  </reporter-output>
  <suite started-at="2022-02-11T10:24:25 IST" name="Regression Suite" finished-at="2022-02-11T10:27:35 IST" duration-ms="189662">
    <groups>
    </groups>
    <test started-at="2022-02-11T10:24:25 IST" name="Regression Test" finished-at="2022-02-11T10:27:35 IST" duration-ms="189662">
      <class name="com.listenersoncall.tests.UserCreateNewAccountTest">
        <test-method is-config="true" signature="launchApplication()[pri:0, instance:com.listenersoncall.tests.UserCreateNewAccountTest@ffaa6af]" started-at="2022-02-11T10:25:23 IST" name="launchApplication" finished-at="2022-02-11T10:25:28 IST" duration-ms="5217" status="PASS">
          <reporter-output>
          </reporter-output>
        </test-method> <!-- launchApplication -->
        <test-method signature="verifyContinueAccountCreationFunctionality()[pri:0, instance:com.listenersoncall.tests.UserCreateNewAccountTest@ffaa6af]" started-at="2022-02-11T10:25:28 IST" name="verifyContinueAccountCreationFunctionality" finished-at="2022-02-11T10:25:34 IST" duration-ms="6485" status="PASS">
          <reporter-output>
            <line>
              <![CDATA[CLICK ON CREATE ACCOUNT BUTTON, APPLICATION NAVIGATED TO CREATE ACCOUNT SCREEN.]]>
            </line>
            <line>
              <![CDATA[Clicked On Close Button.]]>
            </line>
            <line>
              <![CDATA[CAPTURE ALERT SCREEN SCREENSHOT]]>
            </line>
            <line>
              <![CDATA[Clicked On 'Continue Account Creation' Button.]]>
            </line>
            <line>
              <![CDATA[First Name Field Is Displayed]]>
            </line>
            <line>
              <![CDATA[Application Navigated to 'Create Account' Screen]]>
            </line>
          </reporter-output>
        </test-method> <!-- verifyContinueAccountCreationFunctionality -->
        <test-method is-config="true" signature="tearDown(org.testng.ITestResult)[pri:0, instance:com.listenersoncall.tests.UserCreateNewAccountTest@ffaa6af]" started-at="2022-02-11T10:25:34 IST" name="tearDown" finished-at="2022-02-11T10:25:35 IST" duration-ms="274" status="PASS">
          <params>
            <param index="0">
              <value>
                <![CDATA[[TestResult name=verifyContinueAccountCreationFunctionality status=SUCCESS method=UserCreateNewAccountTest.verifyContinueAccountCreationFunctionality()[pri:0, instance:com.listenersoncall.tests.UserCreateNewAccountTest@ffaa6af] output=CLICK ON CREATE ACCOUNT BUTTON, APPLICATION NAVIGATED TO CREATE ACCOUNT SCREEN.]]]>
              </value>
            </param>
          </params>
          <reporter-output>
          </reporter-output>
        </test-method> <!-- tearDown -->
        <test-method is-config="true" signature="launchApplication()[pri:0, instance:com.listenersoncall.tests.UserCreateNewAccountTest@ffaa6af]" started-at="2022-02-11T10:25:35 IST" name="launchApplication" finished-at="2022-02-11T10:25:42 IST" duration-ms="7095" status="PASS">
          <reporter-output>
          </reporter-output>
        </test-method> <!-- launchApplication -->
        <test-method signature="verifyEndAccountCreationFunctionality()[pri:0, instance:com.listenersoncall.tests.UserCreateNewAccountTest@ffaa6af]" started-at="2022-02-11T10:25:42 IST" name="verifyEndAccountCreationFunctionality" finished-at="2022-02-11T10:25:51 IST" duration-ms="9458" status="PASS">
          <reporter-output>
            <line>
              <![CDATA[CLICK ON CREATE ACCOUNT BUTTON, APPLICATION NAVIGATED TO CREATE ACCOUNT SCREEN.]]>
            </line>
            <line>
              <![CDATA[Clicked On Close Button.]]>
            </line>
            <line>
              <![CDATA[Verified Alert Text, Actual Text=>Are you sure you want to end the account creation process? ,Expected Text=>Are you sure you want to end the account creation process?]]>
            </line>
            <line>
              <![CDATA[Clicked On 'End Account Creation' Button.]]>
            </line>
            <line>
              <![CDATA[Verfying LET'S TALK ABOUT Text, ACTUAL TEXT=>Let's talk about...]]>
            </line>
            <line>
              <![CDATA[Application Navigated to Dashboard Screen]]>
            </line>
          </reporter-output>
        </test-method> <!-- verifyEndAccountCreationFunctionality -->
        <test-method is-config="true" signature="tearDown(org.testng.ITestResult)[pri:0, instance:com.listenersoncall.tests.UserCreateNewAccountTest@ffaa6af]" started-at="2022-02-11T10:25:51 IST" name="tearDown" finished-at="2022-02-11T10:25:55 IST" duration-ms="4147" status="PASS">
          <params>
            <param index="0">
              <value>
                <![CDATA[[TestResult name=verifyEndAccountCreationFunctionality status=SUCCESS method=UserCreateNewAccountTest.verifyEndAccountCreationFunctionality()[pri:0, instance:com.listenersoncall.tests.UserCreateNewAccountTest@ffaa6af] output=CLICK ON CREATE ACCOUNT BUTTON, APPLICATION NAVIGATED TO CREATE ACCOUNT SCREEN.]]]>
              </value>
            </param>
          </params>
          <reporter-output>
          </reporter-output>
        </test-method> <!-- tearDown -->
        <test-method is-config="true" signature="launchApplication()[pri:0, instance:com.listenersoncall.tests.UserCreateNewAccountTest@ffaa6af]" started-at="2022-02-11T10:25:55 IST" name="launchApplication" finished-at="2022-02-11T10:26:01 IST" duration-ms="6181" status="PASS">
          <reporter-output>
          </reporter-output>
        </test-method> <!-- launchApplication -->
        <test-method signature="verifyNewAccountCreationFunctionality()[pri:0, instance:com.listenersoncall.tests.UserCreateNewAccountTest@ffaa6af]" started-at="2022-02-11T10:26:01 IST" name="verifyNewAccountCreationFunctionality" finished-at="2022-02-11T10:26:25 IST" duration-ms="23960" status="PASS">
          <reporter-output>
            <line>
              <![CDATA[CLICK ON CREATE ACCOUNT BUTTON, APPLICATION NAVIGATED TO CREATE ACCOUNT SCREEN.]]>
            </line>
            <line>
              <![CDATA[Value entered value in first name is=>John]]>
            </line>
            <line>
              <![CDATA[Value entered in Last name is=>Milly]]>
            </line>
            <line>
              <![CDATA[Value entered in Email is=>JohnMilly3289@mailinator.com]]>
            </line>
            <line>
              <![CDATA[Value entered in PhoneNumber is=>4842634691]]>
            </line>
            <line>
              <![CDATA[Selected GENDER Y=>male from GENDER Dropdown]]>
            </line>
            <line>
              <![CDATA[Clicked On Selected Date.]]>
            </line>
            <line>
              <![CDATA[Value entered in Date Of Birth Textbox=>2002-02-11]]>
            </line>
            <line>
              <![CDATA[Selected TimeZone As=>US/Eastern from TIMEZONE Dropdown]]>
            </line>
            <line>
              <![CDATA[Value entered in ZIPCODE is=>431638]]>
            </line>
            <line>
              <![CDATA[Value entered in PASSWORD Textbox is=>Listeners1234]]>
            </line>
            <line>
              <![CDATA[Value entered in CONFIRM PASSWORD Textbox is=>Listeners1234]]>
            </line>
            <line>
              <![CDATA[Clicked on NEXT button]]>
            </line>
            <line>
              <![CDATA[Clicked on TERMS ON CONDITIONS Radio Button]]>
            </line>
            <line>
              <![CDATA[Clicked on GET STARTED Button]]>
            </line>
            <line>
              <![CDATA[Verfying LET'S TALK ABOUT Text, ACTUAL TEXT=>Let's talk about...]]>
            </line>
            <line>
              <![CDATA[CAPTURED DASHBOARD SCREENSHOT]]>
            </line>
          </reporter-output>
        </test-method> <!-- verifyNewAccountCreationFunctionality -->
        <test-method is-config="true" signature="tearDown(org.testng.ITestResult)[pri:0, instance:com.listenersoncall.tests.UserCreateNewAccountTest@ffaa6af]" started-at="2022-02-11T10:26:25 IST" name="tearDown" finished-at="2022-02-11T10:26:26 IST" duration-ms="203" status="PASS">
          <params>
            <param index="0">
              <value>
                <![CDATA[[TestResult name=verifyNewAccountCreationFunctionality status=SUCCESS method=UserCreateNewAccountTest.verifyNewAccountCreationFunctionality()[pri:0, instance:com.listenersoncall.tests.UserCreateNewAccountTest@ffaa6af] output=CLICK ON CREATE ACCOUNT BUTTON, APPLICATION NAVIGATED TO CREATE ACCOUNT SCREEN.]]]>
              </value>
            </param>
          </params>
          <reporter-output>
          </reporter-output>
        </test-method> <!-- tearDown -->
      </class> <!-- com.listenersoncall.tests.UserCreateNewAccountTest -->
      <class name="com.listenersoncall.tests.UserLoginTest">
        <test-method is-config="true" signature="launchApplication()[pri:0, instance:com.listenersoncall.tests.UserLoginTest@22ef9844]" started-at="2022-02-11T10:24:25 IST" name="launchApplication" finished-at="2022-02-11T10:24:31 IST" duration-ms="5909" status="PASS">
          <reporter-output>
          </reporter-output>
        </test-method> <!-- launchApplication -->
        <test-method signature="verifyLoginScreenUI()[pri:0, instance:com.listenersoncall.tests.UserLoginTest@22ef9844]" started-at="2022-02-11T10:24:31 IST" name="verifyLoginScreenUI" finished-at="2022-02-11T10:24:34 IST" duration-ms="2508" status="PASS">
          <reporter-output>
            <line>
              <![CDATA[CLICK ON SIGNIN BUTTON, APPLICATION NAVIGATED TO SIGNIN SCREEN.]]>
            </line>
            <line>
              <![CDATA[VERFYING USERNAME LABEL, ACTUAL LABEL=>User Name ,EXPECTED LABEL=>User Name]]>
            </line>
            <line>
              <![CDATA[VERFYING PASSWORD LABEL, ACTUAL LABEL=>Password ,EXPECTED LABEL=>Password]]>
            </line>
            <line>
              <![CDATA[CAPTURED LOGIN PAGE SCREENSHOT]]>
            </line>
          </reporter-output>
        </test-method> <!-- verifyLoginScreenUI -->
        <test-method is-config="true" signature="tearDown(org.testng.ITestResult)[pri:0, instance:com.listenersoncall.tests.UserLoginTest@22ef9844]" started-at="2022-02-11T10:24:34 IST" name="tearDown" finished-at="2022-02-11T10:24:34 IST" duration-ms="284" status="PASS">
          <params>
            <param index="0">
              <value>
                <![CDATA[[TestResult name=verifyLoginScreenUI status=SUCCESS method=UserLoginTest.verifyLoginScreenUI()[pri:0, instance:com.listenersoncall.tests.UserLoginTest@22ef9844] output=CLICK ON SIGNIN BUTTON, APPLICATION NAVIGATED TO SIGNIN SCREEN.]]]>
              </value>
            </param>
          </params>
          <reporter-output>
          </reporter-output>
        </test-method> <!-- tearDown -->
        <test-method is-config="true" signature="launchApplication()[pri:0, instance:com.listenersoncall.tests.UserLoginTest@22ef9844]" started-at="2022-02-11T10:24:34 IST" name="launchApplication" finished-at="2022-02-11T10:24:40 IST" duration-ms="6084" status="PASS">
          <reporter-output>
          </reporter-output>
        </test-method> <!-- launchApplication -->
        <test-method signature="verifyValidLoginFunctionality()[pri:0, instance:com.listenersoncall.tests.UserLoginTest@22ef9844]" started-at="2022-02-11T10:24:40 IST" name="verifyValidLoginFunctionality" finished-at="2022-02-11T10:25:22 IST" duration-ms="42336" status="FAIL">
          <exception class="org.openqa.selenium.TimeoutException">
            <message>
              <![CDATA[Expected condition failed: waiting for presence of element located by: By.xpath: //div[@class='text-white w-full flex justify-end'] (tried for 30 second(s) with 500 milliseconds interval)]]>
            </message>
            <full-stacktrace>
              <![CDATA[org.openqa.selenium.TimeoutException: Expected condition failed: waiting for presence of element located by: By.xpath: //div[@class='text-white w-full flex justify-end'] (tried for 30 second(s) with 500 milliseconds interval)
at org.openqa.selenium.support.ui.WebDriverWait.timeoutException(WebDriverWait.java:95)
at org.openqa.selenium.support.ui.FluentWait.until(FluentWait.java:272)
at com.listenersoncall.utilities.WaitLibrary.waitForElementPresence(WaitLibrary.java:44)
at com.listenersoncall.pages.UserDashboardPage.verifyToolbarIsDisplayed(UserDashboardPage.java:48)
at com.listenersoncall.tests.UserLoginTest.verifyValidLoginFunctionality(UserLoginTest.java:56)
at java.base/jdk.internal.reflect.NativeMethodAccessorImpl.invoke0(Native Method)
at java.base/jdk.internal.reflect.NativeMethodAccessorImpl.invoke(NativeMethodAccessorImpl.java:77)
at java.base/jdk.internal.reflect.DelegatingMethodAccessorImpl.invoke(DelegatingMethodAccessorImpl.java:43)
at java.base/java.lang.reflect.Method.invoke(Method.java:568)
at org.testng.internal.invokers.MethodInvocationHelper.invokeMethod(MethodInvocationHelper.java:135)
at org.testng.internal.invokers.TestInvoker.invokeMethod(TestInvoker.java:673)
at org.testng.internal.invokers.TestInvoker.invokeTestMethod(TestInvoker.java:220)
at org.testng.internal.invokers.MethodRunner.runInSequence(MethodRunner.java:50)
at org.testng.internal.invokers.TestInvoker$MethodInvocationAgent.invoke(TestInvoker.java:945)
at org.testng.internal.invokers.TestInvoker.invokeTestMethods(TestInvoker.java:193)
at org.testng.internal.invokers.TestMethodWorker.invokeTestMethods(TestMethodWorker.java:146)
at org.testng.internal.invokers.TestMethodWorker.run(TestMethodWorker.java:128)
at java.base/java.util.ArrayList.forEach(ArrayList.java:1511)
at org.testng.TestRunner.privateRun(TestRunner.java:808)
at org.testng.TestRunner.run(TestRunner.java:603)
at org.testng.SuiteRunner.runTest(SuiteRunner.java:429)
at org.testng.SuiteRunner.runSequentially(SuiteRunner.java:423)
at org.testng.SuiteRunner.privateRun(SuiteRunner.java:383)
at org.testng.SuiteRunner.run(SuiteRunner.java:326)
at org.testng.SuiteRunnerWorker.runSuite(SuiteRunnerWorker.java:52)
at org.testng.SuiteRunnerWorker.run(SuiteRunnerWorker.java:95)
at org.testng.TestNG.runSuitesSequentially(TestNG.java:1249)
at org.testng.TestNG.runSuitesLocally(TestNG.java:1169)
at org.testng.TestNG.runSuites(TestNG.java:1092)
at org.testng.TestNG.run(TestNG.java:1060)
at org.apache.maven.surefire.testng.TestNGExecutor.run(TestNGExecutor.java:284)
at org.apache.maven.surefire.testng.TestNGXmlTestSuite.execute(TestNGXmlTestSuite.java:75)
at org.apache.maven.surefire.testng.TestNGProvider.invoke(TestNGProvider.java:119)
at org.apache.maven.surefire.booter.ForkedBooter.runSuitesInProcess(ForkedBooter.java:428)
at org.apache.maven.surefire.booter.ForkedBooter.execute(ForkedBooter.java:162)
at org.apache.maven.surefire.booter.ForkedBooter.run(ForkedBooter.java:562)
at org.apache.maven.surefire.booter.ForkedBooter.main(ForkedBooter.java:548)
Caused by: org.openqa.selenium.NoSuchElementException: no such element: Unable to locate element: {"method":"xpath","selector":"//div[@class='text-white w-full flex justify-end']"}
  (Session info: chrome=98.0.4758.82)
For documentation on this error, please visit: https://www.seleniumhq.org/exceptions/no_such_element.html
Build info: version: '3.141.59', revision: 'e82be7d358', time: '2018-11-14T08:17:03'
System info: host: 'VTIPL-H-PC247-L', ip: '192.168.55.105', os.name: 'Windows 10', os.arch: 'amd64', os.version: '10.0', java.version: '17.0.1'
Driver info: org.openqa.selenium.chrome.ChromeDriver
Capabilities {acceptInsecureCerts: true, browserName: chrome, browserVersion: 98.0.4758.82, chrome: {chromedriverVersion: 98.0.4758.80 (7f0488e8ba0d8..., userDataDir: C:\Users\AJAYKU~2\AppData\L...}, goog:chromeOptions: {debuggerAddress: localhost:54785}, javascriptEnabled: true, networkConnectionEnabled: false, pageLoadStrategy: normal, platform: WINDOWS, platformName: WINDOWS, proxy: Proxy(), setWindowRect: true, strictFileInteractability: false, timeouts: {implicit: 0, pageLoad: 300000, script: 30000}, unhandledPromptBehavior: dismiss and notify, webauthn:extension:credBlob: true, webauthn:extension:largeBlob: true, webauthn:virtualAuthenticators: true}
Session ID: d121474333394226731f171d780b5859
*** Element info: {Using=xpath, value=//div[@class='text-white w-full flex justify-end']}
at java.base/jdk.internal.reflect.NativeConstructorAccessorImpl.newInstance0(Native Method)
at java.base/jdk.internal.reflect.NativeConstructorAccessorImpl.newInstance(NativeConstructorAccessorImpl.java:77)
at java.base/jdk.internal.reflect.DelegatingConstructorAccessorImpl.newInstance(DelegatingConstructorAccessorImpl.java:45)
at java.base/java.lang.reflect.Constructor.newInstanceWithCaller(Constructor.java:499)
at java.base/java.lang.reflect.Constructor.newInstance(Constructor.java:480)
at org.openqa.selenium.remote.http.W3CHttpResponseCodec.createException(W3CHttpResponseCodec.java:187)
at org.openqa.selenium.remote.http.W3CHttpResponseCodec.decode(W3CHttpResponseCodec.java:122)
at org.openqa.selenium.remote.http.W3CHttpResponseCodec.decode(W3CHttpResponseCodec.java:49)
at org.openqa.selenium.remote.HttpCommandExecutor.execute(HttpCommandExecutor.java:158)
at org.openqa.selenium.remote.service.DriverCommandExecutor.execute(DriverCommandExecutor.java:83)
at org.openqa.selenium.remote.RemoteWebDriver.execute(RemoteWebDriver.java:552)
at org.openqa.selenium.remote.RemoteWebDriver.findElement(RemoteWebDriver.java:323)
at org.openqa.selenium.remote.RemoteWebDriver.findElementByXPath(RemoteWebDriver.java:428)
at org.openqa.selenium.By$ByXPath.findElement(By.java:353)
at org.openqa.selenium.remote.RemoteWebDriver.findElement(RemoteWebDriver.java:315)
at org.openqa.selenium.support.ui.ExpectedConditions$6.apply(ExpectedConditions.java:182)
at org.openqa.selenium.support.ui.ExpectedConditions$6.apply(ExpectedConditions.java:179)
at org.openqa.selenium.support.ui.FluentWait.until(FluentWait.java:249)
... 35 more
]]>
            </full-stacktrace>
          </exception> <!-- org.openqa.selenium.TimeoutException -->
          <reporter-output>
            <line>
              <![CDATA[CLICK ON SIGNIN BUTTON, APPLICATION NAVIGATED TO SIGNIN SCREEN.]]>
            </line>
            <line>
              <![CDATA[Value Entered In Email Textbox=>JohnMilly8386@mailinator.com]]>
            </line>
            <line>
              <![CDATA[Value Entered In PASSWORD Textbox=>Listeners1234]]>
            </line>
            <line>
              <![CDATA[Clicked On LOGIN Button.]]>
            </line>
          </reporter-output>
        </test-method> <!-- verifyValidLoginFunctionality -->
        <test-method is-config="true" signature="tearDown(org.testng.ITestResult)[pri:0, instance:com.listenersoncall.tests.UserLoginTest@22ef9844]" started-at="2022-02-11T10:25:22 IST" name="tearDown" finished-at="2022-02-11T10:25:23 IST" duration-ms="258" status="PASS">
          <params>
            <param index="0">
              <value>
                <![CDATA[[TestResult name=verifyValidLoginFunctionality status=FAILURE method=UserLoginTest.verifyValidLoginFunctionality()[pri:0, instance:com.listenersoncall.tests.UserLoginTest@22ef9844] output=CLICK ON SIGNIN BUTTON, APPLICATION NAVIGATED TO SIGNIN SCREEN.]]]>
              </value>
            </param>
          </params>
          <reporter-output>
          </reporter-output>
        </test-method> <!-- tearDown -->
      </class> <!-- com.listenersoncall.tests.UserLoginTest -->
      <class name="com.listenersoncall.tests.AdminLoginTest">
        <test-method is-config="true" signature="launchApplication()[pri:0, instance:com.listenersoncall.tests.AdminLoginTest@316bcf94]" started-at="2022-02-11T10:27:13 IST" name="launchApplication" finished-at="2022-02-11T10:27:18 IST" duration-ms="5142" status="PASS">
          <reporter-output>
          </reporter-output>
        </test-method> <!-- launchApplication -->
        <test-method signature="verifyAdminLoginFunctionality()[pri:0, instance:com.listenersoncall.tests.AdminLoginTest@316bcf94]" started-at="2022-02-11T10:27:18 IST" name="verifyAdminLoginFunctionality" finished-at="2022-02-11T10:27:28 IST" duration-ms="10457" status="PASS">
          <reporter-output>
            <line>
              <![CDATA[Text Entered In UserName Field Is=>adi@listenersoncall.com]]>
            </line>
            <line>
              <![CDATA[Text Entered In Password Field Is=>Adiloc]]>
            </line>
            <line>
              <![CDATA[Clicked On SUBMIT Button.]]>
            </line>
            <line>
              <![CDATA[DashBoard Screen]]>
            </line>
            <line>
              <![CDATA[Clicked On 'LOG OUT' Button.]]>
            </line>
          </reporter-output>
        </test-method> <!-- verifyAdminLoginFunctionality -->
        <test-method is-config="true" signature="tearDown(org.testng.ITestResult)[pri:0, instance:com.listenersoncall.tests.AdminLoginTest@316bcf94]" started-at="2022-02-11T10:27:28 IST" name="tearDown" finished-at="2022-02-11T10:27:29 IST" duration-ms="175" status="PASS">
          <params>
            <param index="0">
              <value>
                <![CDATA[[TestResult name=verifyAdminLoginFunctionality status=SUCCESS method=AdminLoginTest.verifyAdminLoginFunctionality()[pri:0, instance:com.listenersoncall.tests.AdminLoginTest@316bcf94] output=Text Entered In UserName Field Is=>adi@listenersoncall.com]]]>
              </value>
            </param>
          </params>
          <reporter-output>
          </reporter-output>
        </test-method> <!-- tearDown -->
        <test-method is-config="true" signature="launchApplication()[pri:0, instance:com.listenersoncall.tests.AdminLoginTest@316bcf94]" started-at="2022-02-11T10:27:29 IST" name="launchApplication" finished-at="2022-02-11T10:27:33 IST" duration-ms="3956" status="PASS">
          <reporter-output>
          </reporter-output>
        </test-method> <!-- launchApplication -->
        <test-method signature="verifyAdminLoginScreenUI()[pri:0, instance:com.listenersoncall.tests.AdminLoginTest@316bcf94]" started-at="2022-02-11T10:27:33 IST" name="verifyAdminLoginScreenUI" finished-at="2022-02-11T10:27:35 IST" duration-ms="2057" status="PASS">
          <reporter-output>
            <line>
              <![CDATA[Verified 'USERNAME' Label, Actual Label=>Username]]>
            </line>
            <line>
              <![CDATA[Verified 'PASSWORD' Label, Actual Label=>Password]]>
            </line>
            <line>
              <![CDATA[Listeners Logo Is Displayed]]>
            </line>
          </reporter-output>
        </test-method> <!-- verifyAdminLoginScreenUI -->
        <test-method is-config="true" signature="tearDown(org.testng.ITestResult)[pri:0, instance:com.listenersoncall.tests.AdminLoginTest@316bcf94]" started-at="2022-02-11T10:27:35 IST" name="tearDown" finished-at="2022-02-11T10:27:35 IST" duration-ms="244" status="PASS">
          <params>
            <param index="0">
              <value>
                <![CDATA[[TestResult name=verifyAdminLoginScreenUI status=SUCCESS method=AdminLoginTest.verifyAdminLoginScreenUI()[pri:0, instance:com.listenersoncall.tests.AdminLoginTest@316bcf94] output=Verified 'USERNAME' Label, Actual Label=>Username]]]>
              </value>
            </param>
          </params>
          <reporter-output>
          </reporter-output>
        </test-method> <!-- tearDown -->
      </class> <!-- com.listenersoncall.tests.AdminLoginTest -->
      <class name="com.listenersoncall.tests.UserDashboardPageTest">
        <test-method is-config="true" signature="launchApplication()[pri:0, instance:com.listenersoncall.tests.UserDashboardPageTest@53ce1329]" started-at="2022-02-11T10:26:26 IST" name="launchApplication" finished-at="2022-02-11T10:26:31 IST" duration-ms="5231" status="PASS">
          <reporter-output>
          </reporter-output>
        </test-method> <!-- launchApplication -->
        <test-method signature="verifyDashboardUIFunctionality()[pri:0, instance:com.listenersoncall.tests.UserDashboardPageTest@53ce1329]" started-at="2022-02-11T10:26:31 IST" name="verifyDashboardUIFunctionality" finished-at="2022-02-11T10:27:12 IST" duration-ms="41631" status="FAIL">
          <exception class="org.openqa.selenium.TimeoutException">
            <message>
              <![CDATA[Expected condition failed: waiting for presence of element located by: By.xpath: //div[@class='text-white w-full flex justify-end'] (tried for 30 second(s) with 500 milliseconds interval)]]>
            </message>
            <full-stacktrace>
              <![CDATA[org.openqa.selenium.TimeoutException: Expected condition failed: waiting for presence of element located by: By.xpath: //div[@class='text-white w-full flex justify-end'] (tried for 30 second(s) with 500 milliseconds interval)
at org.openqa.selenium.support.ui.WebDriverWait.timeoutException(WebDriverWait.java:95)
at org.openqa.selenium.support.ui.FluentWait.until(FluentWait.java:272)
at com.listenersoncall.utilities.WaitLibrary.waitForElementPresence(WaitLibrary.java:44)
at com.listenersoncall.pages.UserDashboardPage.verifyToolbarIsDisplayed(UserDashboardPage.java:48)
at com.listenersoncall.tests.UserDashboardPageTest.verifyDashboardUIFunctionality(UserDashboardPageTest.java:41)
at java.base/jdk.internal.reflect.NativeMethodAccessorImpl.invoke0(Native Method)
at java.base/jdk.internal.reflect.NativeMethodAccessorImpl.invoke(NativeMethodAccessorImpl.java:77)
at java.base/jdk.internal.reflect.DelegatingMethodAccessorImpl.invoke(DelegatingMethodAccessorImpl.java:43)
at java.base/java.lang.reflect.Method.invoke(Method.java:568)
at org.testng.internal.invokers.MethodInvocationHelper.invokeMethod(MethodInvocationHelper.java:135)
at org.testng.internal.invokers.TestInvoker.invokeMethod(TestInvoker.java:673)
at org.testng.internal.invokers.TestInvoker.invokeTestMethod(TestInvoker.java:220)
at org.testng.internal.invokers.MethodRunner.runInSequence(MethodRunner.java:50)
at org.testng.internal.invokers.TestInvoker$MethodInvocationAgent.invoke(TestInvoker.java:945)
at org.testng.internal.invokers.TestInvoker.invokeTestMethods(TestInvoker.java:193)
at org.testng.internal.invokers.TestMethodWorker.invokeTestMethods(TestMethodWorker.java:146)
at org.testng.internal.invokers.TestMethodWorker.run(TestMethodWorker.java:128)
at java.base/java.util.ArrayList.forEach(ArrayList.java:1511)
at org.testng.TestRunner.privateRun(TestRunner.java:808)
at org.testng.TestRunner.run(TestRunner.java:603)
at org.testng.SuiteRunner.runTest(SuiteRunner.java:429)
at org.testng.SuiteRunner.runSequentially(SuiteRunner.java:423)
at org.testng.SuiteRunner.privateRun(SuiteRunner.java:383)
at org.testng.SuiteRunner.run(SuiteRunner.java:326)
at org.testng.SuiteRunnerWorker.runSuite(SuiteRunnerWorker.java:52)
at org.testng.SuiteRunnerWorker.run(SuiteRunnerWorker.java:95)
at org.testng.TestNG.runSuitesSequentially(TestNG.java:1249)
at org.testng.TestNG.runSuitesLocally(TestNG.java:1169)
at org.testng.TestNG.runSuites(TestNG.java:1092)
at org.testng.TestNG.run(TestNG.java:1060)
at org.apache.maven.surefire.testng.TestNGExecutor.run(TestNGExecutor.java:284)
at org.apache.maven.surefire.testng.TestNGXmlTestSuite.execute(TestNGXmlTestSuite.java:75)
at org.apache.maven.surefire.testng.TestNGProvider.invoke(TestNGProvider.java:119)
at org.apache.maven.surefire.booter.ForkedBooter.runSuitesInProcess(ForkedBooter.java:428)
at org.apache.maven.surefire.booter.ForkedBooter.execute(ForkedBooter.java:162)
at org.apache.maven.surefire.booter.ForkedBooter.run(ForkedBooter.java:562)
at org.apache.maven.surefire.booter.ForkedBooter.main(ForkedBooter.java:548)
Caused by: org.openqa.selenium.NoSuchElementException: no such element: Unable to locate element: {"method":"xpath","selector":"//div[@class='text-white w-full flex justify-end']"}
  (Session info: chrome=98.0.4758.82)
For documentation on this error, please visit: https://www.seleniumhq.org/exceptions/no_such_element.html
Build info: version: '3.141.59', revision: 'e82be7d358', time: '2018-11-14T08:17:03'
System info: host: 'VTIPL-H-PC247-L', ip: '192.168.55.105', os.name: 'Windows 10', os.arch: 'amd64', os.version: '10.0', java.version: '17.0.1'
Driver info: org.openqa.selenium.chrome.ChromeDriver
Capabilities {acceptInsecureCerts: true, browserName: chrome, browserVersion: 98.0.4758.82, chrome: {chromedriverVersion: 98.0.4758.80 (7f0488e8ba0d8..., userDataDir: C:\Users\AJAYKU~2\AppData\L...}, goog:chromeOptions: {debuggerAddress: localhost:55003}, javascriptEnabled: true, networkConnectionEnabled: false, pageLoadStrategy: normal, platform: WINDOWS, platformName: WINDOWS, proxy: Proxy(), setWindowRect: true, strictFileInteractability: false, timeouts: {implicit: 0, pageLoad: 300000, script: 30000}, unhandledPromptBehavior: dismiss and notify, webauthn:extension:credBlob: true, webauthn:extension:largeBlob: true, webauthn:virtualAuthenticators: true}
Session ID: 11515acf2b1e9bdb85c18e4164d3e018
*** Element info: {Using=xpath, value=//div[@class='text-white w-full flex justify-end']}
at java.base/jdk.internal.reflect.NativeConstructorAccessorImpl.newInstance0(Native Method)
at java.base/jdk.internal.reflect.NativeConstructorAccessorImpl.newInstance(NativeConstructorAccessorImpl.java:77)
at java.base/jdk.internal.reflect.DelegatingConstructorAccessorImpl.newInstance(DelegatingConstructorAccessorImpl.java:45)
at java.base/java.lang.reflect.Constructor.newInstanceWithCaller(Constructor.java:499)
at java.base/java.lang.reflect.Constructor.newInstance(Constructor.java:480)
at org.openqa.selenium.remote.http.W3CHttpResponseCodec.createException(W3CHttpResponseCodec.java:187)
at org.openqa.selenium.remote.http.W3CHttpResponseCodec.decode(W3CHttpResponseCodec.java:122)
at org.openqa.selenium.remote.http.W3CHttpResponseCodec.decode(W3CHttpResponseCodec.java:49)
at org.openqa.selenium.remote.HttpCommandExecutor.execute(HttpCommandExecutor.java:158)
at org.openqa.selenium.remote.service.DriverCommandExecutor.execute(DriverCommandExecutor.java:83)
at org.openqa.selenium.remote.RemoteWebDriver.execute(RemoteWebDriver.java:552)
at org.openqa.selenium.remote.RemoteWebDriver.findElement(RemoteWebDriver.java:323)
at org.openqa.selenium.remote.RemoteWebDriver.findElementByXPath(RemoteWebDriver.java:428)
at org.openqa.selenium.By$ByXPath.findElement(By.java:353)
at org.openqa.selenium.remote.RemoteWebDriver.findElement(RemoteWebDriver.java:315)
at org.openqa.selenium.support.ui.ExpectedConditions$6.apply(ExpectedConditions.java:182)
at org.openqa.selenium.support.ui.ExpectedConditions$6.apply(ExpectedConditions.java:179)
at org.openqa.selenium.support.ui.FluentWait.until(FluentWait.java:249)
... 35 more
]]>
            </full-stacktrace>
          </exception> <!-- org.openqa.selenium.TimeoutException -->
          <reporter-output>
            <line>
              <![CDATA[CLICK ON SIGNIN BUTTON, APPLICATION NAVIGATED TO SIGNIN SCREEN.]]>
            </line>
            <line>
              <![CDATA[Value Entered In Email Textbox=>JohnMilly8386@mailinator.com]]>
            </line>
            <line>
              <![CDATA[Value Entered In PASSWORD Textbox=>Listeners1234]]>
            </line>
            <line>
              <![CDATA[Clicked On LOGIN Button.]]>
            </line>
          </reporter-output>
        </test-method> <!-- verifyDashboardUIFunctionality -->
        <test-method is-config="true" signature="tearDown(org.testng.ITestResult)[pri:0, instance:com.listenersoncall.tests.UserDashboardPageTest@53ce1329]" started-at="2022-02-11T10:27:12 IST" name="tearDown" finished-at="2022-02-11T10:27:13 IST" duration-ms="321" status="PASS">
          <params>
            <param index="0">
              <value>
                <![CDATA[[TestResult name=verifyDashboardUIFunctionality status=FAILURE method=UserDashboardPageTest.verifyDashboardUIFunctionality()[pri:0, instance:com.listenersoncall.tests.UserDashboardPageTest@53ce1329] output=CLICK ON SIGNIN BUTTON, APPLICATION NAVIGATED TO SIGNIN SCREEN.]]]>
              </value>
            </param>
          </params>
          <reporter-output>
          </reporter-output>
        </test-method> <!-- tearDown -->
      </class> <!-- com.listenersoncall.tests.UserDashboardPageTest -->
    </test> <!-- Regression Test -->
  </suite> <!-- Regression Suite -->
</testng-results>
